2021-10-27 23:04:55.340  INFO 13172 --- [main] SpringBootCoreDataJpaMvcRest1Application : Starting TimesheetSpringBootCoreDataJpaMvcRest1Application on DESKTOP-I5EKS09 with PID 13172 (C:\Users\lenovo\Desktop\5SE3\devops\TimesheetDevops-CodeWithSonarup1\target\classes started by lenovo in C:\Users\lenovo\Desktop\5SE3\devops\TimesheetDevops-CodeWithSonarup1)
2021-10-27 23:04:55.348  INFO 13172 --- [main] SpringBootCoreDataJpaMvcRest1Application : No active profile set, falling back to default profiles: default
2021-10-27 23:04:57.139  INFO 13172 --- [main] .s.d.r.c.RepositoryConfigurationDelegate : Bootstrapping Spring Data repositories in DEFAULT mode.
2021-10-27 23:04:57.324  INFO 13172 --- [main] .s.d.r.c.RepositoryConfigurationDelegate : Finished Spring Data repository scanning in 157ms. Found 6 repository interfaces.
2021-10-27 23:04:57.917  INFO 13172 --- [main] trationDelegate$BeanPostProcessorChecker : Bean 'org.springframework.transaction.annotation.ProxyTransactionManagementConfiguration' of type [org.springframework.transaction.annotation.ProxyTransactionManagementConfiguration$$EnhancerBySpringCGLIB$$575632b0] is not eligible for getting processed by all BeanPostProcessors (for example: not eligible for auto-proxying)
2021-10-27 23:04:58.583  INFO 13172 --- [main] o.s.b.w.embedded.tomcat.TomcatWebServer  : Tomcat initialized with port(s): 8085 (http)
2021-10-27 23:04:58.617  INFO 13172 --- [main] o.apache.catalina.core.StandardService   : Starting service [Tomcat]
2021-10-27 23:04:58.617  INFO 13172 --- [main] org.apache.catalina.core.StandardEngine  : Starting Servlet engine: [Apache Tomcat/9.0.17]
2021-10-27 23:04:59.001  INFO 13172 --- [main] o.a.c.c.C.[.[localhost].[/SpringMVC]     : Initializing Spring embedded WebApplicationContext
2021-10-27 23:04:59.002  INFO 13172 --- [main] o.s.web.context.ContextLoader            : Root WebApplicationContext: initialization completed in 3491 ms
2021-10-27 23:04:59.484  INFO 13172 --- [main] com.zaxxer.hikari.HikariDataSource       : HikariPool-1 - Starting...
2021-10-27 23:04:59.689  INFO 13172 --- [main] com.zaxxer.hikari.HikariDataSource       : HikariPool-1 - Start completed.
2021-10-27 23:04:59.820  INFO 13172 --- [main] o.hibernate.jpa.internal.util.LogHelper  : HHH000204: Processing PersistenceUnitInfo [
	name: default
	...]
2021-10-27 23:05:00.141  INFO 13172 --- [main] org.hibernate.Version                    : HHH000412: Hibernate Core {5.3.9.Final}
2021-10-27 23:05:00.142  INFO 13172 --- [main] org.hibernate.cfg.Environment            : HHH000206: hibernate.properties not found
2021-10-27 23:05:00.585  INFO 13172 --- [main] o.hibernate.annotations.common.Version   : HCANN000001: Hibernate Commons Annotations {5.0.4.Final}
2021-10-27 23:05:00.889  INFO 13172 --- [main] org.hibernate.dialect.Dialect            : HHH000400: Using dialect: org.hibernate.dialect.MySQL5Dialect
2021-10-27 23:05:03.526  INFO 13172 --- [main] j.LocalContainerEntityManagerFactoryBean : Initialized JPA EntityManagerFactory for persistence unit 'default'
2021-10-27 23:05:04.011  INFO 13172 --- [main] o.h.h.i.QueryTranslatorFactoryInitiator  : HHH000397: Using ASTQueryTranslatorFactory
2021-10-27 23:05:04.907  INFO 13172 --- [main] o.s.s.concurrent.ThreadPoolTaskExecutor  : Initializing ExecutorService 'applicationTaskExecutor'
2021-10-27 23:05:04.992  WARN 13172 --- [main] aWebConfiguration$JpaWebMvcConfiguration : spring.jpa.open-in-view is enabled by default. Therefore, database queries may be performed during view rendering. Explicitly configure spring.jpa.open-in-view to disable this warning
2021-10-27 23:05:05.286  INFO 13172 --- [main] o.s.b.w.embedded.tomcat.TomcatWebServer  : Tomcat started on port(s): 8085 (http) with context path '/SpringMVC'
